<?xml version="1.0" encoding="UTF-8"?>
<!-- Generated by org.testng.reporters.JUnitReportReporter -->
<testsuite hostname="ZCO-1472BC3" failures="0" tests="1" name="rahulshettyacademy.ExtentReports.ExtentReportDemo" time="33.819" errors="0" timestamp="2024-02-28T17:46:45 CLST" skipped="0">
  <testcase classname="rahulshettyacademy.ExtentReports.ExtentReportDemo" name="initialDemo" time="33.819"/>
</testsuite> <!-- rahulshettyacademy.ExtentReports.ExtentReportDemo -->
