<?xml version="1.0" encoding="UTF-8"?>
<!-- Generated by org.testng.reporters.JUnitReportReporter -->
<testsuite hostname="ZCO-1472BC3" failures="0" tests="2" name="rahulshettyacademy.ExtentReports.AppTest" time="0.013" errors="0" timestamp="2024-04-18T12:14:31 CLT" skipped="0">
  <testcase classname="rahulshettyacademy.ExtentReports.AppTest" name="testNumberTwo" time="0.003"/>
  <testcase classname="rahulshettyacademy.ExtentReports.AppTest" name="testNumberOne" time="0.010"/>
</testsuite> <!-- rahulshettyacademy.ExtentReports.AppTest -->
