<?xml version="1.0" encoding="UTF-8"?>
<!-- Generated by org.testng.reporters.JUnitReportReporter -->
<testsuite hostname="ZCO-1472BC3" failures="0" tests="1" name="rahulshettyacademy.ExtentReports.ExtentReportDemo" time="35.161" errors="0" timestamp="2024-04-18T11:37:08 CLT" skipped="0">
  <testcase classname="rahulshettyacademy.ExtentReports.ExtentReportDemo" name="initialDemo" time="35.161"/>
</testsuite> <!-- rahulshettyacademy.ExtentReports.ExtentReportDemo -->
